<?xml version="1.0" encoding="UTF-8"?>
<testsuite xmlns:xsi="http://www.w3.org/2001/XMLSchema-instance" xsi:noNamespaceSchemaLocation="https://maven.apache.org/surefire/maven-surefire-plugin/xsd/surefire-test-report-3.0.xsd" version="3.0" name="com.example.MyServiceTest" time="1.767" tests="1" errors="0" skipped="0" failures="0">
  <properties>
[...]
</properties>
  <testcase name="testVerifyInteraction" classname="com.example.MyServiceTest" time="1.721">
    <system-out><![CDATA[Step 1: Mock created.
Step 2: Service initialized.
Step 3: fetchData() called.
Step 4: Verified that getData() was called.
]]></system-out>
  </testcase>
</testsuite>