<?xml version="1.0" encoding="UTF-8"?>
<testsuite xmlns:xsi="http://www.w3.org/2001/XMLSchema-instance" xsi:noNamespaceSchemaLocation="https://maven.apache.org/surefire/maven-surefire-plugin/xsd/surefire-test-report-3.0.xsd" version="3.0" name="com.example.CalculatorTest" time="0.08" tests="2" errors="0" skipped="0" failures="0">
  <properties>
[...]
</properties>
  <testcase name="testAddition" classname="com.example.CalculatorTest" time="0.012">
    <system-out><![CDATA[Setting up...
Addition test passed
Cleaning up...
]]></system-out>
  </testcase>
  <testcase name="testDivision" classname="com.example.CalculatorTest" time="0.003">
    <system-out><![CDATA[Setting up...
Division test passed
Cleaning up...
]]></system-out>
  </testcase>
</testsuite>